#! /opt/homebrew/Cellar/icarus-verilog/12.0/bin/vvp
:ivl_version "12.0 (stable)";
:ivl_delay_selection "TYPICAL";
:vpi_time_precision - 12;
:vpi_module "/opt/homebrew/Cellar/icarus-verilog/12.0/lib/ivl/system.vpi";
:vpi_module "/opt/homebrew/Cellar/icarus-verilog/12.0/lib/ivl/vhdl_sys.vpi";
:vpi_module "/opt/homebrew/Cellar/icarus-verilog/12.0/lib/ivl/vhdl_textio.vpi";
:vpi_module "/opt/homebrew/Cellar/icarus-verilog/12.0/lib/ivl/v2005_math.vpi";
:vpi_module "/opt/homebrew/Cellar/icarus-verilog/12.0/lib/ivl/va_math.vpi";
:vpi_module "/opt/homebrew/Cellar/icarus-verilog/12.0/lib/ivl/v2009.vpi";
S_0x1009f65c0 .scope package, "$unit" "$unit" 2 1;
 .timescale 0 0;
S_0x1009f6740 .scope module, "fifo_mux_2_1" "fifo_mux_2_1" 3 1;
 .timescale -9 -12;
    .port_info 0 /INPUT 64 "in";
    .port_info 1 /INPUT 1 "sel";
    .port_info 2 /OUTPUT 32 "out";
P_0xa6e854a80 .param/l "BW" 0 3 2, +C4<00000000000000000000000000001000>;
P_0xa6e854ac0 .param/l "SIMD" 0 3 3, +C4<00000000000000000000000000000100>;
o0xa6ec20010 .functor BUFZ 32, C4<zzzzzzzzzzzzzzzzzzzzzzzzzzzzzzzz>; HiZ drive
v0x1009fd200 .array "in", 1 0;
v0x1009fd200_0 .net v0x1009fd200 0, 31 0, o0xa6ec20010; 0 drivers
o0xa6ec20040 .functor BUFZ 32, C4<zzzzzzzzzzzzzzzzzzzzzzzzzzzzzzzz>; HiZ drive
v0x1009fd200_1 .net v0x1009fd200 1, 31 0, o0xa6ec20040; 0 drivers
v0x1009fe520_0 .var "out", 31 0;
o0xa6ec200a0 .functor BUFZ 1, C4<z>; HiZ drive
v0x1009ec390_0 .net "sel", 0 0, o0xa6ec200a0;  0 drivers
E_0xa6f006900 .event anyedge, v0x1009ec390_0, v0x1009fd200_1, v0x1009fd200_0;
S_0x1009f6ef0 .scope module, "fifo_mux_8_1" "fifo_mux_8_1" 4 1;
 .timescale -9 -12;
    .port_info 0 /INPUT 3 "sel";
    .port_info 1 /INPUT 256 "in";
    .port_info 2 /OUTPUT 32 "out";
P_0xa6e854b00 .param/l "BW" 0 4 2, +C4<00000000000000000000000000000100>;
P_0xa6e854b40 .param/l "SIMD" 0 4 3, +C4<00000000000000000000000000001000>;
o0xa6ec20160 .functor BUFZ 32, C4<zzzzzzzzzzzzzzzzzzzzzzzzzzzzzzzz>; HiZ drive
v0x1009ec430 .array "in", 7 0;
v0x1009ec430_0 .net v0x1009ec430 0, 31 0, o0xa6ec20160; 0 drivers
o0xa6ec20190 .functor BUFZ 32, C4<zzzzzzzzzzzzzzzzzzzzzzzzzzzzzzzz>; HiZ drive
v0x1009ec430_1 .net v0x1009ec430 1, 31 0, o0xa6ec20190; 0 drivers
o0xa6ec201c0 .functor BUFZ 32, C4<zzzzzzzzzzzzzzzzzzzzzzzzzzzzzzzz>; HiZ drive
v0x1009ec430_2 .net v0x1009ec430 2, 31 0, o0xa6ec201c0; 0 drivers
o0xa6ec201f0 .functor BUFZ 32, C4<zzzzzzzzzzzzzzzzzzzzzzzzzzzzzzzz>; HiZ drive
v0x1009ec430_3 .net v0x1009ec430 3, 31 0, o0xa6ec201f0; 0 drivers
o0xa6ec20220 .functor BUFZ 32, C4<zzzzzzzzzzzzzzzzzzzzzzzzzzzzzzzz>; HiZ drive
v0x1009ec430_4 .net v0x1009ec430 4, 31 0, o0xa6ec20220; 0 drivers
o0xa6ec20250 .functor BUFZ 32, C4<zzzzzzzzzzzzzzzzzzzzzzzzzzzzzzzz>; HiZ drive
v0x1009ec430_5 .net v0x1009ec430 5, 31 0, o0xa6ec20250; 0 drivers
o0xa6ec20280 .functor BUFZ 32, C4<zzzzzzzzzzzzzzzzzzzzzzzzzzzzzzzz>; HiZ drive
v0x1009ec430_6 .net v0x1009ec430 6, 31 0, o0xa6ec20280; 0 drivers
o0xa6ec202b0 .functor BUFZ 32, C4<zzzzzzzzzzzzzzzzzzzzzzzzzzzzzzzz>; HiZ drive
v0x1009ec430_7 .net v0x1009ec430 7, 31 0, o0xa6ec202b0; 0 drivers
v0x1009ec4d0_0 .var "out", 31 0;
o0xa6ec20310 .functor BUFZ 3, C4<zzz>; HiZ drive
v0x1009ec570_0 .net "sel", 2 0, o0xa6ec20310;  0 drivers
E_0xa6f006940/0 .event anyedge, v0x1009ec570_0, v0x1009ec430_0, v0x1009ec430_1, v0x1009ec430_2;
E_0xa6f006940/1 .event anyedge, v0x1009ec430_3, v0x1009ec430_4, v0x1009ec430_5, v0x1009ec430_6;
E_0xa6f006940/2 .event anyedge, v0x1009ec430_7;
E_0xa6f006940 .event/or E_0xa6f006940/0, E_0xa6f006940/1, E_0xa6f006940/2;
S_0x1009f7070 .scope module, "refactor_tb" "refactor_tb" 5 4;
 .timescale -9 -12;
P_0x1009ff9c0 .param/l "BW" 0 5 6, +C4<00000000000000000000000000001000>;
P_0x1009ffa00 .param/l "BW_PSUM" 0 5 7, +C4<00000000000000000000000000010100>;
P_0x1009ffa40 .param/l "PR" 0 5 8, +C4<00000000000000000000000000010000>;
P_0x1009ffa80 .param/l "SRAM_BIT" 0 5 9, +C4<00000000000000000000000010000000>;
v0xa6f0817c0_0 .var "clk", 0 0;
v0xa6f081860_0 .var/i "fail_count", 31 0;
v0xa6f081900_0 .net "fifo_empty", 0 0, v0xa6f0803c0_0;  1 drivers
v0xa6f0819a0_0 .net "fifo_full", 0 0, v0xa6f080460_0;  1 drivers
v0xa6f081a40_0 .var "fifo_in", 7 0;
v0xa6f081ae0_0 .net "fifo_out", 7 0, v0xa6f0800a0_0;  1 drivers
v0xa6f081b80_0 .var "fifo_rd", 0 0;
v0xa6f081c20_0 .var "fifo_reset", 0 0;
v0xa6f081cc0_0 .var "fifo_wr", 0 0;
v0xa6f081d60_0 .var/i "i", 31 0;
v0xa6f081e00_0 .var "mac_a", 127 0;
v0xa6f081ea0_0 .var "mac_b", 127 0;
v0xa6f081f40_0 .net "mac_out", 19 0, v0xa6f080d20_0;  1 drivers
v0xa6f081fe0_0 .var/i "pass_count", 31 0;
v0xa6f082080_0 .var "sram128_a", 3 0;
v0xa6f082120_0 .var "sram128_cen", 0 0;
v0xa6f0821c0_0 .var "sram128_d", 127 0;
v0xa6f082260_0 .net "sram128_q", 127 0, v0xa6f081540_0;  1 drivers
v0xa6f082300_0 .var "sram128_wen", 0 0;
v0xa6f0823a0_0 .var "sram_a", 3 0;
v0xa6f082440_0 .var "sram_cen", 0 0;
v0xa6f0824e0_0 .var "sram_d", 127 0;
v0xa6f082580_0 .net "sram_q", 127 0, v0xa6f0810e0_0;  1 drivers
v0xa6f082620_0 .var "sram_wen", 0 0;
E_0xa6f0069c0 .event negedge, v0xa6f0806e0_0;
S_0x1009f7680 .scope module, "uut_fifo" "fifo_depth16" 5 80, 6 1 0, S_0x1009f7070;
 .timescale -9 -12;
    .port_info 0 /INPUT 1 "rd_clk";
    .port_info 1 /INPUT 1 "wr_clk";
    .port_info 2 /INPUT 1 "rd";
    .port_info 3 /INPUT 1 "wr";
    .port_info 4 /INPUT 1 "reset";
    .port_info 5 /INPUT 8 "in";
    .port_info 6 /OUTPUT 8 "out";
    .port_info 7 /OUTPUT 1 "o_full";
    .port_info 8 /OUTPUT 1 "o_empty";
P_0xa6e854b80 .param/l "BW" 0 6 2, +C4<00000000000000000000000000001000>;
P_0xa6e854bc0 .param/l "SIMD" 0 6 3, +C4<00000000000000000000000000000001>;
v0xa6f0805a0_0 .array/port v0xa6f0805a0, 0;
L_0xa6f0584d0 .functor BUFZ 8, v0xa6f0805a0_0, C4<00000000>, C4<00000000>, C4<00000000>;
v0xa6f0805a0_1 .array/port v0xa6f0805a0, 1;
L_0xa6f058540 .functor BUFZ 8, v0xa6f0805a0_1, C4<00000000>, C4<00000000>, C4<00000000>;
v0xa6f0805a0_2 .array/port v0xa6f0805a0, 2;
L_0xa6f0585b0 .functor BUFZ 8, v0xa6f0805a0_2, C4<00000000>, C4<00000000>, C4<00000000>;
v0xa6f0805a0_3 .array/port v0xa6f0805a0, 3;
L_0xa6f058620 .functor BUFZ 8, v0xa6f0805a0_3, C4<00000000>, C4<00000000>, C4<00000000>;
v0xa6f0805a0_4 .array/port v0xa6f0805a0, 4;
L_0xa6f058690 .functor BUFZ 8, v0xa6f0805a0_4, C4<00000000>, C4<00000000>, C4<00000000>;
v0xa6f0805a0_5 .array/port v0xa6f0805a0, 5;
L_0xa6f058700 .functor BUFZ 8, v0xa6f0805a0_5, C4<00000000>, C4<00000000>, C4<00000000>;
v0xa6f0805a0_6 .array/port v0xa6f0805a0, 6;
L_0xa6f058770 .functor BUFZ 8, v0xa6f0805a0_6, C4<00000000>, C4<00000000>, C4<00000000>;
v0xa6f0805a0_7 .array/port v0xa6f0805a0, 7;
L_0xa6f0587e0 .functor BUFZ 8, v0xa6f0805a0_7, C4<00000000>, C4<00000000>, C4<00000000>;
v0xa6f0805a0_8 .array/port v0xa6f0805a0, 8;
L_0xa6f058850 .functor BUFZ 8, v0xa6f0805a0_8, C4<00000000>, C4<00000000>, C4<00000000>;
v0xa6f0805a0_9 .array/port v0xa6f0805a0, 9;
L_0xa6f0588c0 .functor BUFZ 8, v0xa6f0805a0_9, C4<00000000>, C4<00000000>, C4<00000000>;
v0xa6f0805a0_10 .array/port v0xa6f0805a0, 10;
L_0xa6f058930 .functor BUFZ 8, v0xa6f0805a0_10, C4<00000000>, C4<00000000>, C4<00000000>;
v0xa6f0805a0_11 .array/port v0xa6f0805a0, 11;
L_0xa6f0589a0 .functor BUFZ 8, v0xa6f0805a0_11, C4<00000000>, C4<00000000>, C4<00000000>;
v0xa6f0805a0_12 .array/port v0xa6f0805a0, 12;
L_0xa6f058a10 .functor BUFZ 8, v0xa6f0805a0_12, C4<00000000>, C4<00000000>, C4<00000000>;
v0xa6f0805a0_13 .array/port v0xa6f0805a0, 13;
L_0xa6f058af0 .functor BUFZ 8, v0xa6f0805a0_13, C4<00000000>, C4<00000000>, C4<00000000>;
v0xa6f0805a0_14 .array/port v0xa6f0805a0, 14;
L_0xa6f058b60 .functor BUFZ 8, v0xa6f0805a0_14, C4<00000000>, C4<00000000>, C4<00000000>;
v0xa6f0805a0_15 .array/port v0xa6f0805a0, 15;
L_0xa6f058a80 .functor BUFZ 8, v0xa6f0805a0_15, C4<00000000>, C4<00000000>, C4<00000000>;
v0xa6f0801e0_0 .var "empty", 0 0;
v0xa6f080280_0 .var "full", 0 0;
v0xa6f080320_0 .net "in", 7 0, v0xa6f081a40_0;  1 drivers
v0xa6f0803c0_0 .var "o_empty", 0 0;
v0xa6f080460_0 .var "o_full", 0 0;
v0xa6f080500_0 .net "out", 7 0, v0xa6f0800a0_0;  alias, 1 drivers
v0xa6f0805a0 .array "q", 15 0, 7 0;
v0xa6f080640_0 .net "rd", 0 0, v0xa6f081b80_0;  1 drivers
v0xa6f0806e0_0 .net "rd_clk", 0 0, v0xa6f0817c0_0;  1 drivers
v0xa6f080780_0 .var "rd_ptr", 4 0;
v0xa6f080820_0 .net "reset", 0 0, v0xa6f081c20_0;  1 drivers
v0xa6f0808c0_0 .net "wr", 0 0, v0xa6f081cc0_0;  1 drivers
v0xa6f080960_0 .net "wr_clk", 0 0, v0xa6f0817c0_0;  alias, 1 drivers
v0xa6f080a00_0 .var "wr_ptr", 4 0;
E_0xa6f006a00 .event posedge, v0xa6f0806e0_0;
E_0xa6f006a40/0 .event anyedge, v0xa6f080a00_0, v0xa6f080780_0, v0xa6f080a00_0, v0xa6f080780_0;
E_0xa6f006a40/1 .event anyedge, v0xa6f080a00_0, v0xa6f080780_0;
E_0xa6f006a40 .event/or E_0xa6f006a40/0, E_0xa6f006a40/1;
L_0xa6f0545a0 .part v0xa6f080780_0, 0, 4;
S_0x1009f7800 .scope module, "fifo_mux_16_1a" "fifo_mux_16_1" 6 33, 7 1 0, S_0x1009f7680;
 .timescale -9 -12;
    .port_info 0 /INPUT 4 "sel";
    .port_info 1 /INPUT 128 "in";
    .port_info 2 /OUTPUT 8 "out";
P_0xa6e854c00 .param/l "BW" 0 7 2, +C4<00000000000000000000000000001000>;
P_0xa6e854c40 .param/l "SIMD" 0 7 3, +C4<00000000000000000000000000000001>;
v0xa6f080000 .array "in", 15 0;
v0xa6f080000_0 .net v0xa6f080000 0, 7 0, L_0xa6f0584d0; 1 drivers
v0xa6f080000_1 .net v0xa6f080000 1, 7 0, L_0xa6f058540; 1 drivers
v0xa6f080000_2 .net v0xa6f080000 2, 7 0, L_0xa6f0585b0; 1 drivers
v0xa6f080000_3 .net v0xa6f080000 3, 7 0, L_0xa6f058620; 1 drivers
v0xa6f080000_4 .net v0xa6f080000 4, 7 0, L_0xa6f058690; 1 drivers
v0xa6f080000_5 .net v0xa6f080000 5, 7 0, L_0xa6f058700; 1 drivers
v0xa6f080000_6 .net v0xa6f080000 6, 7 0, L_0xa6f058770; 1 drivers
v0xa6f080000_7 .net v0xa6f080000 7, 7 0, L_0xa6f0587e0; 1 drivers
v0xa6f080000_8 .net v0xa6f080000 8, 7 0, L_0xa6f058850; 1 drivers
v0xa6f080000_9 .net v0xa6f080000 9, 7 0, L_0xa6f0588c0; 1 drivers
v0xa6f080000_10 .net v0xa6f080000 10, 7 0, L_0xa6f058930; 1 drivers
v0xa6f080000_11 .net v0xa6f080000 11, 7 0, L_0xa6f0589a0; 1 drivers
v0xa6f080000_12 .net v0xa6f080000 12, 7 0, L_0xa6f058a10; 1 drivers
v0xa6f080000_13 .net v0xa6f080000 13, 7 0, L_0xa6f058af0; 1 drivers
v0xa6f080000_14 .net v0xa6f080000 14, 7 0, L_0xa6f058b60; 1 drivers
v0xa6f080000_15 .net v0xa6f080000 15, 7 0, L_0xa6f058a80; 1 drivers
v0xa6f0800a0_0 .var "out", 7 0;
v0xa6f080140_0 .net "sel", 3 0, L_0xa6f0545a0;  1 drivers
E_0xa6f006a80/0 .event anyedge, v0xa6f080140_0, v0xa6f080000_0, v0xa6f080000_1, v0xa6f080000_2;
E_0xa6f006a80/1 .event anyedge, v0xa6f080000_3, v0xa6f080000_4, v0xa6f080000_5, v0xa6f080000_6;
E_0xa6f006a80/2 .event anyedge, v0xa6f080000_7, v0xa6f080000_8, v0xa6f080000_9, v0xa6f080000_10;
E_0xa6f006a80/3 .event anyedge, v0xa6f080000_11, v0xa6f080000_12, v0xa6f080000_13, v0xa6f080000_14;
E_0xa6f006a80/4 .event anyedge, v0xa6f080000_15;
E_0xa6f006a80 .event/or E_0xa6f006a80/0, E_0xa6f006a80/1, E_0xa6f006a80/2, E_0xa6f006a80/3, E_0xa6f006a80/4;
S_0x1009f8e70 .scope module, "uut_mac16" "mac_16in" 5 64, 8 1 0, S_0x1009f7070;
 .timescale -9 -12;
    .port_info 0 /INPUT 128 "a";
    .port_info 1 /INPUT 128 "b";
    .port_info 2 /OUTPUT 20 "out";
P_0xa6f00ec40 .param/l "BW" 0 8 2, +C4<00000000000000000000000000001000>;
P_0xa6f00ec80 .param/l "BW_PSUM" 0 8 3, +C4<00000000000000000000000000010100>;
P_0xa6f00ecc0 .param/l "PR" 0 8 4, +C4<00000000000000000000000000010000>;
v0xa6f080be0_0 .net "a", 127 0, v0xa6f081e00_0;  1 drivers
v0xa6f080c80_0 .net "b", 127 0, v0xa6f081ea0_0;  1 drivers
v0xa6f080d20_0 .var "out", 19 0;
v0xa6f080dc0 .array "product", 15 0, 15 0;
v0xa6f080dc0_0 .array/port v0xa6f080dc0, 0;
v0xa6f080dc0_1 .array/port v0xa6f080dc0, 1;
E_0xa6f006ac0/0 .event anyedge, v0xa6f080be0_0, v0xa6f080c80_0, v0xa6f080dc0_0, v0xa6f080dc0_1;
v0xa6f080dc0_2 .array/port v0xa6f080dc0, 2;
v0xa6f080dc0_3 .array/port v0xa6f080dc0, 3;
v0xa6f080dc0_4 .array/port v0xa6f080dc0, 4;
v0xa6f080dc0_5 .array/port v0xa6f080dc0, 5;
E_0xa6f006ac0/1 .event anyedge, v0xa6f080dc0_2, v0xa6f080dc0_3, v0xa6f080dc0_4, v0xa6f080dc0_5;
v0xa6f080dc0_6 .array/port v0xa6f080dc0, 6;
v0xa6f080dc0_7 .array/port v0xa6f080dc0, 7;
v0xa6f080dc0_8 .array/port v0xa6f080dc0, 8;
v0xa6f080dc0_9 .array/port v0xa6f080dc0, 9;
E_0xa6f006ac0/2 .event anyedge, v0xa6f080dc0_6, v0xa6f080dc0_7, v0xa6f080dc0_8, v0xa6f080dc0_9;
v0xa6f080dc0_10 .array/port v0xa6f080dc0, 10;
v0xa6f080dc0_11 .array/port v0xa6f080dc0, 11;
v0xa6f080dc0_12 .array/port v0xa6f080dc0, 12;
v0xa6f080dc0_13 .array/port v0xa6f080dc0, 13;
E_0xa6f006ac0/3 .event anyedge, v0xa6f080dc0_10, v0xa6f080dc0_11, v0xa6f080dc0_12, v0xa6f080dc0_13;
v0xa6f080dc0_14 .array/port v0xa6f080dc0, 14;
v0xa6f080dc0_15 .array/port v0xa6f080dc0, 15;
E_0xa6f006ac0/4 .event anyedge, v0xa6f080dc0_14, v0xa6f080dc0_15, v0xa6f080dc0_0, v0xa6f080dc0_1;
E_0xa6f006ac0/5 .event anyedge, v0xa6f080dc0_2, v0xa6f080dc0_3, v0xa6f080dc0_4, v0xa6f080dc0_5;
E_0xa6f006ac0/6 .event anyedge, v0xa6f080dc0_6, v0xa6f080dc0_7, v0xa6f080dc0_8, v0xa6f080dc0_9;
E_0xa6f006ac0/7 .event anyedge, v0xa6f080dc0_10, v0xa6f080dc0_11, v0xa6f080dc0_12, v0xa6f080dc0_13;
E_0xa6f006ac0/8 .event anyedge, v0xa6f080dc0_14, v0xa6f080dc0_15;
E_0xa6f006ac0 .event/or E_0xa6f006ac0/0, E_0xa6f006ac0/1, E_0xa6f006ac0/2, E_0xa6f006ac0/3, E_0xa6f006ac0/4, E_0xa6f006ac0/5, E_0xa6f006ac0/6, E_0xa6f006ac0/7, E_0xa6f006ac0/8;
S_0x1009f9250 .scope begin, "$ivl_for_loop0" "$ivl_for_loop0" 8 14, 8 14 0, S_0x1009f8e70;
 .timescale -9 -12;
v0xa6f080aa0_0 .var/2s "i", 31 0;
S_0x1009f93d0 .scope begin, "$ivl_for_loop1" "$ivl_for_loop1" 8 20, 8 20 0, S_0x1009f8e70;
 .timescale -9 -12;
v0xa6f080b40_0 .var/2s "i", 31 0;
S_0x1009f8a90 .scope module, "uut_sram" "sram_w16" 5 29, 9 1 0, S_0x1009f7070;
 .timescale -9 -12;
    .port_info 0 /INPUT 1 "CLK";
    .port_info 1 /INPUT 1 "WEN";
    .port_info 2 /INPUT 1 "CEN";
    .port_info 3 /INPUT 128 "D";
    .port_info 4 /INPUT 4 "A";
    .port_info 5 /OUTPUT 128 "Q";
P_0xa6e862480 .param/l "SRAM_BIT" 0 9 2, +C4<00000000000000000000000010000000>;
v0xa6f080e60_0 .net "A", 3 0, v0xa6f0823a0_0;  1 drivers
v0xa6f080f00_0 .net "CEN", 0 0, v0xa6f082440_0;  1 drivers
v0xa6f080fa0_0 .net "CLK", 0 0, v0xa6f0817c0_0;  alias, 1 drivers
v0xa6f081040_0 .net "D", 127 0, v0xa6f0824e0_0;  1 drivers
v0xa6f0810e0_0 .var "Q", 127 0;
v0xa6f081180_0 .net "WEN", 0 0, v0xa6f082620_0;  1 drivers
v0xa6f081220 .array "memory", 15 0, 127 0;
S_0x1009f8c10 .scope module, "uut_sram128" "sram_128b_w16" 5 45, 10 1 0, S_0x1009f7070;
 .timescale -9 -12;
    .port_info 0 /INPUT 1 "CLK";
    .port_info 1 /INPUT 1 "WEN";
    .port_info 2 /INPUT 1 "CEN";
    .port_info 3 /INPUT 128 "D";
    .port_info 4 /INPUT 4 "A";
    .port_info 5 /OUTPUT 128 "Q";
v0xa6f0812c0_0 .net "A", 3 0, v0xa6f082080_0;  1 drivers
v0xa6f081360_0 .net "CEN", 0 0, v0xa6f082120_0;  1 drivers
v0xa6f081400_0 .net "CLK", 0 0, v0xa6f0817c0_0;  alias, 1 drivers
v0xa6f0814a0_0 .net "D", 127 0, v0xa6f0821c0_0;  1 drivers
v0xa6f081540_0 .var "Q", 127 0;
v0xa6f0815e0_0 .net "WEN", 0 0, v0xa6f082300_0;  1 drivers
v0xa6f081680_0 .var "add_q", 3 0;
v0xa6f081720 .array "memory", 15 0, 127 0;
v0xa6f081720_0 .array/port v0xa6f081720, 0;
v0xa6f081720_1 .array/port v0xa6f081720, 1;
v0xa6f081720_2 .array/port v0xa6f081720, 2;
E_0xa6f006b80/0 .event anyedge, v0xa6f081680_0, v0xa6f081720_0, v0xa6f081720_1, v0xa6f081720_2;
v0xa6f081720_3 .array/port v0xa6f081720, 3;
v0xa6f081720_4 .array/port v0xa6f081720, 4;
v0xa6f081720_5 .array/port v0xa6f081720, 5;
v0xa6f081720_6 .array/port v0xa6f081720, 6;
E_0xa6f006b80/1 .event anyedge, v0xa6f081720_3, v0xa6f081720_4, v0xa6f081720_5, v0xa6f081720_6;
v0xa6f081720_7 .array/port v0xa6f081720, 7;
v0xa6f081720_8 .array/port v0xa6f081720, 8;
v0xa6f081720_9 .array/port v0xa6f081720, 9;
v0xa6f081720_10 .array/port v0xa6f081720, 10;
E_0xa6f006b80/2 .event anyedge, v0xa6f081720_7, v0xa6f081720_8, v0xa6f081720_9, v0xa6f081720_10;
v0xa6f081720_11 .array/port v0xa6f081720, 11;
v0xa6f081720_12 .array/port v0xa6f081720, 12;
v0xa6f081720_13 .array/port v0xa6f081720, 13;
v0xa6f081720_14 .array/port v0xa6f081720, 14;
E_0xa6f006b80/3 .event anyedge, v0xa6f081720_11, v0xa6f081720_12, v0xa6f081720_13, v0xa6f081720_14;
v0xa6f081720_15 .array/port v0xa6f081720, 15;
E_0xa6f006b80/4 .event anyedge, v0xa6f081720_15;
E_0xa6f006b80 .event/or E_0xa6f006b80/0, E_0xa6f006b80/1, E_0xa6f006b80/2, E_0xa6f006b80/3, E_0xa6f006b80/4;
    .scope S_0x1009f6740;
T_0 ;
Ewait_0 .event/or E_0xa6f006900, E_0x0;
    %wait Ewait_0;
    %load/vec4 v0x1009ec390_0;
    %flag_set/vec4 8;
    %jmp/0 T_0.0, 8;
    %ix/load 4, 1, 0;
    %flag_set/imm 4, 0;
    %load/vec4a v0x1009fd200, 4;
    %jmp/1 T_0.1, 8;
T_0.0 ; End of true expr.
    %ix/load 4, 0, 0;
    %flag_set/imm 4, 0;
    %load/vec4a v0x1009fd200, 4;
    %jmp/0 T_0.1, 8;
 ; End of false expr.
    %blend;
T_0.1;
    %store/vec4 v0x1009fe520_0, 0, 32;
    %jmp T_0;
    .thread T_0, $push;
    .scope S_0x1009f6ef0;
T_1 ;
Ewait_1 .event/or E_0xa6f006940, E_0x0;
    %wait Ewait_1;
    %load/vec4 v0x1009ec570_0;
    %pad/u 5;
    %ix/vec4 4;
    %load/vec4a v0x1009ec430, 4;
    %store/vec4 v0x1009ec4d0_0, 0, 32;
    %jmp T_1;
    .thread T_1, $push;
    .scope S_0x1009f8a90;
T_2 ;
    %wait E_0xa6f006a00;
    %load/vec4 v0xa6f080f00_0;
    %nor/r;
    %flag_set/vec4 9;
    %flag_get/vec4 9;
    %jmp/0 T_2.2, 9;
    %load/vec4 v0xa6f081180_0;
    %and;
T_2.2;
    %flag_set/vec4 8;
    %jmp/0xz  T_2.0, 8;
    %load/vec4 v0xa6f080e60_0;
    %pad/u 6;
    %ix/vec4 4;
    %load/vec4a v0xa6f081220, 4;
    %assign/vec4 v0xa6f0810e0_0, 0;
    %jmp T_2.1;
T_2.0 ;
    %load/vec4 v0xa6f080f00_0;
    %nor/r;
    %flag_set/vec4 9;
    %flag_get/vec4 9;
    %jmp/0 T_2.5, 9;
    %load/vec4 v0xa6f081180_0;
    %nor/r;
    %and;
T_2.5;
    %flag_set/vec4 8;
    %jmp/0xz  T_2.3, 8;
    %load/vec4 v0xa6f081040_0;
    %load/vec4 v0xa6f080e60_0;
    %pad/u 6;
    %ix/vec4 3;
    %ix/load 4, 0, 0; Constant delay
    %assign/vec4/a/d v0xa6f081220, 0, 4;
T_2.3 ;
T_2.1 ;
    %jmp T_2;
    .thread T_2;
    .scope S_0x1009f8c10;
T_3 ;
Ewait_2 .event/or E_0xa6f006b80, E_0x0;
    %wait Ewait_2;
    %load/vec4 v0xa6f081680_0;
    %pad/u 6;
    %ix/vec4 4;
    %load/vec4a v0xa6f081720, 4;
    %store/vec4 v0xa6f081540_0, 0, 128;
    %jmp T_3;
    .thread T_3, $push;
    .scope S_0x1009f8c10;
T_4 ;
    %wait E_0xa6f006a00;
    %load/vec4 v0xa6f081360_0;
    %nor/r;
    %flag_set/vec4 9;
    %flag_get/vec4 9;
    %jmp/0 T_4.2, 9;
    %load/vec4 v0xa6f0815e0_0;
    %and;
T_4.2;
    %flag_set/vec4 8;
    %jmp/0xz  T_4.0, 8;
    %load/vec4 v0xa6f0812c0_0;
    %assign/vec4 v0xa6f081680_0, 0;
T_4.0 ;
    %load/vec4 v0xa6f081360_0;
    %nor/r;
    %flag_set/vec4 9;
    %flag_get/vec4 9;
    %jmp/0 T_4.5, 9;
    %load/vec4 v0xa6f0815e0_0;
    %nor/r;
    %and;
T_4.5;
    %flag_set/vec4 8;
    %jmp/0xz  T_4.3, 8;
    %load/vec4 v0xa6f0814a0_0;
    %load/vec4 v0xa6f0812c0_0;
    %pad/u 6;
    %ix/vec4 3;
    %ix/load 4, 0, 0; Constant delay
    %assign/vec4/a/d v0xa6f081720, 0, 4;
T_4.3 ;
    %jmp T_4;
    .thread T_4;
    .scope S_0x1009f8e70;
T_5 ;
Ewait_3 .event/or E_0xa6f006ac0, E_0x0;
    %wait Ewait_3;
    %fork t_1, S_0x1009f9250;
    %jmp t_0;
    .scope S_0x1009f9250;
t_1 ;
    %pushi/vec4 0, 0, 32;
    %store/vec4 v0xa6f080aa0_0, 0, 32;
T_5.0 ;
    %load/vec4 v0xa6f080aa0_0;
    %cmpi/s 16, 0, 32;
    %jmp/0xz T_5.1, 5;
    %load/vec4 v0xa6f080be0_0;
    %load/vec4 v0xa6f080aa0_0;
    %addi 1, 0, 32;
    %muli 8, 0, 32;
    %subi 1, 0, 32;
    %part/s 1;
    %replicate 8;
    %load/vec4 v0xa6f080be0_0;
    %load/vec4 v0xa6f080aa0_0;
    %addi 1, 0, 32;
    %muli 8, 0, 32;
    %subi 1, 0, 32;
    %pad/s 34;
    %subi 7, 0, 34;
    %part/s 8;
    %concat/vec4; draw_concat_vec4
    %load/vec4 v0xa6f080c80_0;
    %load/vec4 v0xa6f080aa0_0;
    %addi 1, 0, 32;
    %muli 8, 0, 32;
    %subi 1, 0, 32;
    %part/s 1;
    %replicate 8;
    %load/vec4 v0xa6f080c80_0;
    %load/vec4 v0xa6f080aa0_0;
    %addi 1, 0, 32;
    %muli 8, 0, 32;
    %subi 1, 0, 32;
    %pad/s 34;
    %subi 7, 0, 34;
    %part/s 8;
    %concat/vec4; draw_concat_vec4
    %mul;
    %ix/getv/s 4, v0xa6f080aa0_0;
    %store/vec4a v0xa6f080dc0, 4, 0;
    ; show_stmt_assign_vector: Get l-value for compressed += operand
    %load/vec4 v0xa6f080aa0_0;
    %pushi/vec4 1, 0, 32;
    %add;
    %cast2;
    %store/vec4 v0xa6f080aa0_0, 0, 32;
    %jmp T_5.0;
T_5.1 ;
    %end;
    .scope S_0x1009f8e70;
t_0 %join;
    %pushi/vec4 0, 0, 20;
    %store/vec4 v0xa6f080d20_0, 0, 20;
    %fork t_3, S_0x1009f93d0;
    %jmp t_2;
    .scope S_0x1009f93d0;
t_3 ;
    %pushi/vec4 0, 0, 32;
    %store/vec4 v0xa6f080b40_0, 0, 32;
T_5.2 ;
    %load/vec4 v0xa6f080b40_0;
    %cmpi/s 16, 0, 32;
    %jmp/0xz T_5.3, 5;
    %load/vec4 v0xa6f080d20_0;
    %ix/getv/s 4, v0xa6f080b40_0;
    %load/vec4a v0xa6f080dc0, 4;
    %parti/s 1, 15, 5;
    %replicate 4;
    %ix/getv/s 4, v0xa6f080b40_0;
    %load/vec4a v0xa6f080dc0, 4;
    %concat/vec4; draw_concat_vec4
    %add;
    %store/vec4 v0xa6f080d20_0, 0, 20;
    ; show_stmt_assign_vector: Get l-value for compressed += operand
    %load/vec4 v0xa6f080b40_0;
    %pushi/vec4 1, 0, 32;
    %add;
    %cast2;
    %store/vec4 v0xa6f080b40_0, 0, 32;
    %jmp T_5.2;
T_5.3 ;
    %end;
    .scope S_0x1009f8e70;
t_2 %join;
    %jmp T_5;
    .thread T_5, $push;
    .scope S_0x1009f7800;
T_6 ;
Ewait_4 .event/or E_0xa6f006a80, E_0x0;
    %wait Ewait_4;
    %load/vec4 v0xa6f080140_0;
    %pad/u 6;
    %ix/vec4 4;
    %load/vec4a v0xa6f080000, 4;
    %store/vec4 v0xa6f0800a0_0, 0, 8;
    %jmp T_6;
    .thread T_6, $push;
    .scope S_0x1009f7680;
T_7 ;
    %pushi/vec4 0, 0, 5;
    %store/vec4 v0xa6f080780_0, 0, 5;
    %pushi/vec4 0, 0, 5;
    %store/vec4 v0xa6f080a00_0, 0, 5;
    %end;
    .thread T_7, $init;
    .scope S_0x1009f7680;
T_8 ;
Ewait_5 .event/or E_0xa6f006a40, E_0x0;
    %wait Ewait_5;
    %load/vec4 v0xa6f080a00_0;
    %load/vec4 v0xa6f080780_0;
    %cmp/e;
    %flag_mov 8, 4;
    %jmp/0 T_8.0, 8;
    %pushi/vec4 1, 0, 1;
    %jmp/1 T_8.1, 8;
T_8.0 ; End of true expr.
    %pushi/vec4 0, 0, 1;
    %jmp/0 T_8.1, 8;
 ; End of false expr.
    %blend;
T_8.1;
    %store/vec4 v0xa6f0801e0_0, 0, 1;
    %load/vec4 v0xa6f080a00_0;
    %parti/s 4, 0, 2;
    %load/vec4 v0xa6f080780_0;
    %parti/s 4, 0, 2;
    %cmp/e;
    %flag_get/vec4 4;
    %jmp/0 T_8.4, 4;
    %load/vec4 v0xa6f080a00_0;
    %parti/s 1, 4, 4;
    %load/vec4 v0xa6f080780_0;
    %parti/s 1, 4, 4;
    %cmp/ne;
    %flag_get/vec4 4;
    %and;
T_8.4;
    %flag_set/vec4 8;
    %jmp/0 T_8.2, 8;
    %pushi/vec4 1, 0, 1;
    %jmp/1 T_8.3, 8;
T_8.2 ; End of true expr.
    %pushi/vec4 0, 0, 1;
    %jmp/0 T_8.3, 8;
 ; End of false expr.
    %blend;
T_8.3;
    %store/vec4 v0xa6f080280_0, 0, 1;
    %load/vec4 v0xa6f080280_0;
    %store/vec4 v0xa6f080460_0, 0, 1;
    %load/vec4 v0xa6f0801e0_0;
    %store/vec4 v0xa6f0803c0_0, 0, 1;
    %jmp T_8;
    .thread T_8, $push;
    .scope S_0x1009f7680;
T_9 ;
    %wait E_0xa6f006a00;
    %load/vec4 v0xa6f080820_0;
    %flag_set/vec4 8;
    %jmp/0xz  T_9.0, 8;
    %pushi/vec4 0, 0, 5;
    %assign/vec4 v0xa6f080780_0, 0;
    %jmp T_9.1;
T_9.0 ;
    %load/vec4 v0xa6f080640_0;
    %pad/u 32;
    %cmpi/e 1, 0, 32;
    %flag_get/vec4 4;
    %jmp/0 T_9.4, 4;
    %load/vec4 v0xa6f0801e0_0;
    %pad/u 32;
    %pushi/vec4 0, 0, 32;
    %cmp/e;
    %flag_get/vec4 4;
    %and;
T_9.4;
    %flag_set/vec4 8;
    %jmp/0xz  T_9.2, 8;
    %load/vec4 v0xa6f080780_0;
    %addi 1, 0, 5;
    %assign/vec4 v0xa6f080780_0, 0;
T_9.2 ;
T_9.1 ;
    %jmp T_9;
    .thread T_9;
    .scope S_0x1009f7680;
T_10 ;
    %wait E_0xa6f006a00;
    %load/vec4 v0xa6f080820_0;
    %flag_set/vec4 8;
    %jmp/0xz  T_10.0, 8;
    %pushi/vec4 0, 0, 5;
    %assign/vec4 v0xa6f080a00_0, 0;
    %jmp T_10.1;
T_10.0 ;
    %load/vec4 v0xa6f0808c0_0;
    %pad/u 32;
    %cmpi/e 1, 0, 32;
    %flag_get/vec4 4;
    %jmp/0 T_10.4, 4;
    %load/vec4 v0xa6f080280_0;
    %pad/u 32;
    %pushi/vec4 0, 0, 32;
    %cmp/e;
    %flag_get/vec4 4;
    %and;
T_10.4;
    %flag_set/vec4 8;
    %jmp/0xz  T_10.2, 8;
    %load/vec4 v0xa6f080a00_0;
    %addi 1, 0, 5;
    %assign/vec4 v0xa6f080a00_0, 0;
T_10.2 ;
    %load/vec4 v0xa6f0808c0_0;
    %pad/u 32;
    %cmpi/e 1, 0, 32;
    %jmp/0xz  T_10.5, 4;
    %load/vec4 v0xa6f080320_0;
    %load/vec4 v0xa6f080a00_0;
    %parti/s 4, 0, 2;
    %pad/u 6;
    %ix/vec4 3;
    %ix/load 4, 0, 0; Constant delay
    %assign/vec4/a/d v0xa6f0805a0, 0, 4;
T_10.5 ;
T_10.1 ;
    %jmp T_10;
    .thread T_10;
    .scope S_0x1009f7070;
T_11 ;
    %pushi/vec4 0, 0, 1;
    %store/vec4 v0xa6f0817c0_0, 0, 1;
    %end;
    .thread T_11, $init;
    .scope S_0x1009f7070;
T_12 ;
    %delay 500, 0;
    %load/vec4 v0xa6f0817c0_0;
    %inv;
    %store/vec4 v0xa6f0817c0_0, 0, 1;
    %jmp T_12;
    .thread T_12;
    .scope S_0x1009f7070;
T_13 ;
    %vpi_call/w 5 96 "$dumpfile", "refactor_tb.vcd" {0 0 0};
    %vpi_call/w 5 97 "$dumpvars", 32'sb00000000000000000000000000000000, S_0x1009f7070 {0 0 0};
    %pushi/vec4 0, 0, 32;
    %store/vec4 v0xa6f081fe0_0, 0, 32;
    %pushi/vec4 0, 0, 32;
    %store/vec4 v0xa6f081860_0, 0, 32;
    %pushi/vec4 1, 0, 1;
    %store/vec4 v0xa6f082620_0, 0, 1;
    %pushi/vec4 1, 0, 1;
    %store/vec4 v0xa6f082440_0, 0, 1;
    %pushi/vec4 0, 0, 128;
    %store/vec4 v0xa6f0824e0_0, 0, 128;
    %pushi/vec4 0, 0, 4;
    %store/vec4 v0xa6f0823a0_0, 0, 4;
    %pushi/vec4 1, 0, 1;
    %store/vec4 v0xa6f082300_0, 0, 1;
    %pushi/vec4 1, 0, 1;
    %store/vec4 v0xa6f082120_0, 0, 1;
    %pushi/vec4 0, 0, 128;
    %store/vec4 v0xa6f0821c0_0, 0, 128;
    %pushi/vec4 0, 0, 4;
    %store/vec4 v0xa6f082080_0, 0, 4;
    %pushi/vec4 0, 0, 128;
    %store/vec4 v0xa6f081e00_0, 0, 128;
    %pushi/vec4 0, 0, 128;
    %store/vec4 v0xa6f081ea0_0, 0, 128;
    %pushi/vec4 0, 0, 1;
    %store/vec4 v0xa6f081b80_0, 0, 1;
    %pushi/vec4 0, 0, 1;
    %store/vec4 v0xa6f081cc0_0, 0, 1;
    %pushi/vec4 1, 0, 1;
    %store/vec4 v0xa6f081c20_0, 0, 1;
    %pushi/vec4 0, 0, 8;
    %store/vec4 v0xa6f081a40_0, 0, 8;
    %pushi/vec4 3, 0, 32;
T_13.0 %dup/vec4;
    %pushi/vec4 0, 0, 32;
    %cmp/s;
    %jmp/1xz T_13.1, 5;
    %jmp/1 T_13.1, 4;
    %pushi/vec4 1, 0, 32;
    %sub;
    %wait E_0xa6f006a00;
    %jmp T_13.0;
T_13.1 ;
    %pop/vec4 1;
    %vpi_call/w 5 124 "$display", "\012===== Test 1: sram_w16 =====" {0 0 0};
    %pushi/vec4 0, 0, 32;
    %store/vec4 v0xa6f081d60_0, 0, 32;
T_13.2 ;
    %load/vec4 v0xa6f081d60_0;
    %cmpi/s 16, 0, 32;
    %jmp/0xz T_13.3, 5;
    %wait E_0xa6f0069c0;
    %pushi/vec4 0, 0, 1;
    %store/vec4 v0xa6f082440_0, 0, 1;
    %pushi/vec4 0, 0, 1;
    %store/vec4 v0xa6f082620_0, 0, 1;
    %load/vec4 v0xa6f081d60_0;
    %parti/s 4, 0, 2;
    %store/vec4 v0xa6f0823a0_0, 0, 4;
    %load/vec4 v0xa6f081d60_0;
    %pad/u 128;
    %addi 1, 0, 128;
    %muli 3735879681, 0, 128;
    %store/vec4 v0xa6f0824e0_0, 0, 128;
    %wait E_0xa6f006a00;
    ; show_stmt_assign_vector: Get l-value for compressed += operand
    %load/vec4 v0xa6f081d60_0;
    %pushi/vec4 1, 0, 32;
    %add;
    %store/vec4 v0xa6f081d60_0, 0, 32;
    %jmp T_13.2;
T_13.3 ;
    %wait E_0xa6f0069c0;
    %pushi/vec4 1, 0, 1;
    %store/vec4 v0xa6f082440_0, 0, 1;
    %pushi/vec4 1, 0, 1;
    %store/vec4 v0xa6f082620_0, 0, 1;
    %wait E_0xa6f006a00;
    %pushi/vec4 0, 0, 32;
    %store/vec4 v0xa6f081d60_0, 0, 32;
T_13.4 ;
    %load/vec4 v0xa6f081d60_0;
    %cmpi/s 16, 0, 32;
    %jmp/0xz T_13.5, 5;
    %wait E_0xa6f0069c0;
    %pushi/vec4 0, 0, 1;
    %store/vec4 v0xa6f082440_0, 0, 1;
    %pushi/vec4 1, 0, 1;
    %store/vec4 v0xa6f082620_0, 0, 1;
    %load/vec4 v0xa6f081d60_0;
    %parti/s 4, 0, 2;
    %store/vec4 v0xa6f0823a0_0, 0, 4;
    %wait E_0xa6f006a00;
    %wait E_0xa6f0069c0;
    %pushi/vec4 1, 0, 1;
    %store/vec4 v0xa6f082440_0, 0, 1;
    %wait E_0xa6f006a00;
    %load/vec4 v0xa6f082580_0;
    %load/vec4 v0xa6f081d60_0;
    %pad/u 128;
    %addi 1, 0, 128;
    %muli 3735879681, 0, 128;
    %cmp/e;
    %jmp/0xz  T_13.6, 4;
    ; show_stmt_assign_vector: Get l-value for compressed += operand
    %load/vec4 v0xa6f081fe0_0;
    %pushi/vec4 1, 0, 32;
    %add;
    %store/vec4 v0xa6f081fe0_0, 0, 32;
    %jmp T_13.7;
T_13.6 ;
    %load/vec4 v0xa6f081d60_0;
    %pad/u 128;
    %addi 1, 0, 128;
    %muli 3735879681, 0, 128;
    %vpi_call/w 5 155 "$display", "FAIL: sram_w16 addr %0d: expected %h, got %h", v0xa6f081d60_0, S<0,vec4,u128>, v0xa6f082580_0 {1 0 0};
    ; show_stmt_assign_vector: Get l-value for compressed += operand
    %load/vec4 v0xa6f081860_0;
    %pushi/vec4 1, 0, 32;
    %add;
    %store/vec4 v0xa6f081860_0, 0, 32;
T_13.7 ;
    ; show_stmt_assign_vector: Get l-value for compressed += operand
    %load/vec4 v0xa6f081d60_0;
    %pushi/vec4 1, 0, 32;
    %add;
    %store/vec4 v0xa6f081d60_0, 0, 32;
    %jmp T_13.4;
T_13.5 ;
    %vpi_call/w 5 161 "$display", "sram_w16: done" {0 0 0};
    %vpi_call/w 5 166 "$display", "\012===== Test 2: sram_128b_w16 =====" {0 0 0};
    %pushi/vec4 0, 0, 32;
    %store/vec4 v0xa6f081d60_0, 0, 32;
T_13.8 ;
    %load/vec4 v0xa6f081d60_0;
    %cmpi/s 16, 0, 32;
    %jmp/0xz T_13.9, 5;
    %wait E_0xa6f0069c0;
    %pushi/vec4 0, 0, 1;
    %store/vec4 v0xa6f082120_0, 0, 1;
    %pushi/vec4 0, 0, 1;
    %store/vec4 v0xa6f082300_0, 0, 1;
    %load/vec4 v0xa6f081d60_0;
    %parti/s 4, 0, 2;
    %store/vec4 v0xa6f082080_0, 0, 4;
    %load/vec4 v0xa6f081d60_0;
    %pad/u 128;
    %addi 100, 0, 128;
    %muli 117502, 0, 128;
    %store/vec4 v0xa6f0821c0_0, 0, 128;
    %wait E_0xa6f006a00;
    ; show_stmt_assign_vector: Get l-value for compressed += operand
    %load/vec4 v0xa6f081d60_0;
    %pushi/vec4 1, 0, 32;
    %add;
    %store/vec4 v0xa6f081d60_0, 0, 32;
    %jmp T_13.8;
T_13.9 ;
    %wait E_0xa6f0069c0;
    %pushi/vec4 1, 0, 1;
    %store/vec4 v0xa6f082120_0, 0, 1;
    %pushi/vec4 1, 0, 1;
    %store/vec4 v0xa6f082300_0, 0, 1;
    %wait E_0xa6f006a00;
    %pushi/vec4 0, 0, 32;
    %store/vec4 v0xa6f081d60_0, 0, 32;
T_13.10 ;
    %load/vec4 v0xa6f081d60_0;
    %cmpi/s 16, 0, 32;
    %jmp/0xz T_13.11, 5;
    %wait E_0xa6f0069c0;
    %pushi/vec4 0, 0, 1;
    %store/vec4 v0xa6f082120_0, 0, 1;
    %pushi/vec4 1, 0, 1;
    %store/vec4 v0xa6f082300_0, 0, 1;
    %load/vec4 v0xa6f081d60_0;
    %parti/s 4, 0, 2;
    %store/vec4 v0xa6f082080_0, 0, 4;
    %wait E_0xa6f006a00;
    %delay 100, 0;
    %load/vec4 v0xa6f082260_0;
    %load/vec4 v0xa6f081d60_0;
    %pad/u 128;
    %addi 100, 0, 128;
    %muli 117502, 0, 128;
    %cmp/e;
    %jmp/0xz  T_13.12, 4;
    ; show_stmt_assign_vector: Get l-value for compressed += operand
    %load/vec4 v0xa6f081fe0_0;
    %pushi/vec4 1, 0, 32;
    %add;
    %store/vec4 v0xa6f081fe0_0, 0, 32;
    %jmp T_13.13;
T_13.12 ;
    %load/vec4 v0xa6f081d60_0;
    %pad/u 128;
    %addi 100, 0, 128;
    %muli 117502, 0, 128;
    %vpi_call/w 5 195 "$display", "FAIL: sram_128b_w16 addr %0d: expected %h, got %h", v0xa6f081d60_0, S<0,vec4,u128>, v0xa6f082260_0 {1 0 0};
    ; show_stmt_assign_vector: Get l-value for compressed += operand
    %load/vec4 v0xa6f081860_0;
    %pushi/vec4 1, 0, 32;
    %add;
    %store/vec4 v0xa6f081860_0, 0, 32;
T_13.13 ;
    ; show_stmt_assign_vector: Get l-value for compressed += operand
    %load/vec4 v0xa6f081d60_0;
    %pushi/vec4 1, 0, 32;
    %add;
    %store/vec4 v0xa6f081d60_0, 0, 32;
    %jmp T_13.10;
T_13.11 ;
    %vpi_call/w 5 201 "$display", "sram_128b_w16: done" {0 0 0};
    %vpi_call/w 5 206 "$display", "\012===== Test 3: mac_16in =====" {0 0 0};
    %pushi/vec4 0, 0, 32;
    %store/vec4 v0xa6f081d60_0, 0, 32;
T_13.14 ;
    %load/vec4 v0xa6f081d60_0;
    %cmpi/s 16, 0, 32;
    %jmp/0xz T_13.15, 5;
    %pushi/vec4 1, 0, 8;
    %load/vec4 v0xa6f081d60_0;
    %addi 1, 0, 32;
    %muli 8, 0, 32;
    %subi 1, 0, 32;
    %pad/s 34;
    %subi 7, 0, 34;
    %ix/vec4/s 4;
    %store/vec4 v0xa6f081e00_0, 4, 8;
    %pushi/vec4 1, 0, 8;
    %load/vec4 v0xa6f081d60_0;
    %addi 1, 0, 32;
    %muli 8, 0, 32;
    %subi 1, 0, 32;
    %pad/s 34;
    %subi 7, 0, 34;
    %ix/vec4/s 4;
    %store/vec4 v0xa6f081ea0_0, 4, 8;
    ; show_stmt_assign_vector: Get l-value for compressed += operand
    %load/vec4 v0xa6f081d60_0;
    %pushi/vec4 1, 0, 32;
    %add;
    %store/vec4 v0xa6f081d60_0, 0, 32;
    %jmp T_13.14;
T_13.15 ;
    %delay 1000, 0;
    %load/vec4 v0xa6f081f40_0;
    %cmpi/e 16, 0, 20;
    %jmp/0xz  T_13.16, 4;
    %vpi_call/w 5 215 "$display", "PASS: mac_16in all-ones dot product = %0d", v0xa6f081f40_0 {0 0 0};
    ; show_stmt_assign_vector: Get l-value for compressed += operand
    %load/vec4 v0xa6f081fe0_0;
    %pushi/vec4 1, 0, 32;
    %add;
    %store/vec4 v0xa6f081fe0_0, 0, 32;
    %jmp T_13.17;
T_13.16 ;
    %load/vec4 v0xa6f081f40_0;
    %vpi_call/w 5 218 "$display", "FAIL: mac_16in all-ones: expected 16, got %0d", S<0,vec4,s20> {1 0 0};
    ; show_stmt_assign_vector: Get l-value for compressed += operand
    %load/vec4 v0xa6f081860_0;
    %pushi/vec4 1, 0, 32;
    %add;
    %store/vec4 v0xa6f081860_0, 0, 32;
T_13.17 ;
    %pushi/vec4 0, 0, 32;
    %store/vec4 v0xa6f081d60_0, 0, 32;
T_13.18 ;
    %load/vec4 v0xa6f081d60_0;
    %cmpi/s 16, 0, 32;
    %jmp/0xz T_13.19, 5;
    %load/vec4 v0xa6f081d60_0;
    %addi 1, 0, 32;
    %pad/s 8;
    %load/vec4 v0xa6f081d60_0;
    %addi 1, 0, 32;
    %muli 8, 0, 32;
    %subi 1, 0, 32;
    %pad/s 34;
    %subi 7, 0, 34;
    %ix/vec4/s 4;
    %store/vec4 v0xa6f081e00_0, 4, 8;
    %pushi/vec4 1, 0, 8;
    %load/vec4 v0xa6f081d60_0;
    %addi 1, 0, 32;
    %muli 8, 0, 32;
    %subi 1, 0, 32;
    %pad/s 34;
    %subi 7, 0, 34;
    %ix/vec4/s 4;
    %store/vec4 v0xa6f081ea0_0, 4, 8;
    ; show_stmt_assign_vector: Get l-value for compressed += operand
    %load/vec4 v0xa6f081d60_0;
    %pushi/vec4 1, 0, 32;
    %add;
    %store/vec4 v0xa6f081d60_0, 0, 32;
    %jmp T_13.18;
T_13.19 ;
    %delay 1000, 0;
    %load/vec4 v0xa6f081f40_0;
    %pad/s 32;
    %cmpi/e 136, 0, 32;
    %jmp/0xz  T_13.20, 4;
    %load/vec4 v0xa6f081f40_0;
    %vpi_call/w 5 229 "$display", "PASS: mac_16in sequential dot product = %0d", S<0,vec4,s20> {1 0 0};
    ; show_stmt_assign_vector: Get l-value for compressed += operand
    %load/vec4 v0xa6f081fe0_0;
    %pushi/vec4 1, 0, 32;
    %add;
    %store/vec4 v0xa6f081fe0_0, 0, 32;
    %jmp T_13.21;
T_13.20 ;
    %load/vec4 v0xa6f081f40_0;
    %vpi_call/w 5 232 "$display", "FAIL: mac_16in sequential: expected 136, got %0d", S<0,vec4,s20> {1 0 0};
    ; show_stmt_assign_vector: Get l-value for compressed += operand
    %load/vec4 v0xa6f081860_0;
    %pushi/vec4 1, 0, 32;
    %add;
    %store/vec4 v0xa6f081860_0, 0, 32;
T_13.21 ;
    %pushi/vec4 0, 0, 128;
    %store/vec4 v0xa6f081e00_0, 0, 128;
    %pushi/vec4 0, 0, 128;
    %store/vec4 v0xa6f081ea0_0, 0, 128;
    %pushi/vec4 255, 0, 8;
    %ix/load 4, 0, 0;
    %flag_set/imm 4, 0;
    %store/vec4 v0xa6f081e00_0, 4, 8;
    %pushi/vec4 1, 0, 8;
    %ix/load 4, 0, 0;
    %flag_set/imm 4, 0;
    %store/vec4 v0xa6f081ea0_0, 4, 8;
    %delay 1000, 0;
    %load/vec4 v0xa6f081f40_0;
    %pad/s 32;
    %cmpi/e 4294967295, 0, 32;
    %jmp/0xz  T_13.22, 4;
    %load/vec4 v0xa6f081f40_0;
    %vpi_call/w 5 243 "$display", "PASS: mac_16in negative = %0d", S<0,vec4,s20> {1 0 0};
    ; show_stmt_assign_vector: Get l-value for compressed += operand
    %load/vec4 v0xa6f081fe0_0;
    %pushi/vec4 1, 0, 32;
    %add;
    %store/vec4 v0xa6f081fe0_0, 0, 32;
    %jmp T_13.23;
T_13.22 ;
    %load/vec4 v0xa6f081f40_0;
    %vpi_call/w 5 246 "$display", "FAIL: mac_16in negative: expected -1, got %0d", S<0,vec4,s20> {1 0 0};
    ; show_stmt_assign_vector: Get l-value for compressed += operand
    %load/vec4 v0xa6f081860_0;
    %pushi/vec4 1, 0, 32;
    %add;
    %store/vec4 v0xa6f081860_0, 0, 32;
T_13.23 ;
    %vpi_call/w 5 253 "$display", "\012===== Test 4: fifo_depth16 =====" {0 0 0};
    %pushi/vec4 1, 0, 1;
    %store/vec4 v0xa6f081c20_0, 0, 1;
    %pushi/vec4 2, 0, 32;
T_13.24 %dup/vec4;
    %pushi/vec4 0, 0, 32;
    %cmp/s;
    %jmp/1xz T_13.25, 5;
    %jmp/1 T_13.25, 4;
    %pushi/vec4 1, 0, 32;
    %sub;
    %wait E_0xa6f006a00;
    %jmp T_13.24;
T_13.25 ;
    %pop/vec4 1;
    %wait E_0xa6f0069c0;
    %pushi/vec4 0, 0, 1;
    %store/vec4 v0xa6f081c20_0, 0, 1;
    %wait E_0xa6f006a00;
    %load/vec4 v0xa6f081900_0;
    %pad/u 32;
    %cmpi/e 1, 0, 32;
    %jmp/0xz  T_13.26, 4;
    %vpi_call/w 5 264 "$display", "PASS: FIFO empty after reset" {0 0 0};
    ; show_stmt_assign_vector: Get l-value for compressed += operand
    %load/vec4 v0xa6f081fe0_0;
    %pushi/vec4 1, 0, 32;
    %add;
    %store/vec4 v0xa6f081fe0_0, 0, 32;
    %jmp T_13.27;
T_13.26 ;
    %vpi_call/w 5 267 "$display", "FAIL: FIFO not empty after reset" {0 0 0};
    ; show_stmt_assign_vector: Get l-value for compressed += operand
    %load/vec4 v0xa6f081860_0;
    %pushi/vec4 1, 0, 32;
    %add;
    %store/vec4 v0xa6f081860_0, 0, 32;
T_13.27 ;
    %pushi/vec4 0, 0, 32;
    %store/vec4 v0xa6f081d60_0, 0, 32;
T_13.28 ;
    %load/vec4 v0xa6f081d60_0;
    %cmpi/s 8, 0, 32;
    %jmp/0xz T_13.29, 5;
    %wait E_0xa6f0069c0;
    %pushi/vec4 1, 0, 1;
    %store/vec4 v0xa6f081cc0_0, 0, 1;
    %load/vec4 v0xa6f081d60_0;
    %muli 17, 0, 32;
    %addi 3, 0, 32;
    %pushi/vec4 255, 0, 32;
    %and;
    %pad/u 8;
    %store/vec4 v0xa6f081a40_0, 0, 8;
    %wait E_0xa6f006a00;
    ; show_stmt_assign_vector: Get l-value for compressed += operand
    %load/vec4 v0xa6f081d60_0;
    %pushi/vec4 1, 0, 32;
    %add;
    %store/vec4 v0xa6f081d60_0, 0, 32;
    %jmp T_13.28;
T_13.29 ;
    %wait E_0xa6f0069c0;
    %pushi/vec4 0, 0, 1;
    %store/vec4 v0xa6f081cc0_0, 0, 1;
    %wait E_0xa6f006a00;
    %load/vec4 v0xa6f081900_0;
    %pad/u 32;
    %cmpi/e 0, 0, 32;
    %jmp/0xz  T_13.30, 4;
    %vpi_call/w 5 284 "$display", "PASS: FIFO not empty after writes" {0 0 0};
    ; show_stmt_assign_vector: Get l-value for compressed += operand
    %load/vec4 v0xa6f081fe0_0;
    %pushi/vec4 1, 0, 32;
    %add;
    %store/vec4 v0xa6f081fe0_0, 0, 32;
    %jmp T_13.31;
T_13.30 ;
    %vpi_call/w 5 287 "$display", "FAIL: FIFO empty after writes" {0 0 0};
    ; show_stmt_assign_vector: Get l-value for compressed += operand
    %load/vec4 v0xa6f081860_0;
    %pushi/vec4 1, 0, 32;
    %add;
    %store/vec4 v0xa6f081860_0, 0, 32;
T_13.31 ;
    %pushi/vec4 0, 0, 32;
    %store/vec4 v0xa6f081d60_0, 0, 32;
T_13.32 ;
    %load/vec4 v0xa6f081d60_0;
    %cmpi/s 8, 0, 32;
    %jmp/0xz T_13.33, 5;
    %wait E_0xa6f0069c0;
    %pushi/vec4 1, 0, 1;
    %store/vec4 v0xa6f081b80_0, 0, 1;
    %load/vec4 v0xa6f081ae0_0;
    %pad/u 32;
    %load/vec4 v0xa6f081d60_0;
    %muli 17, 0, 32;
    %addi 3, 0, 32;
    %pushi/vec4 255, 0, 32;
    %and;
    %cmp/e;
    %jmp/0xz  T_13.34, 4;
    ; show_stmt_assign_vector: Get l-value for compressed += operand
    %load/vec4 v0xa6f081fe0_0;
    %pushi/vec4 1, 0, 32;
    %add;
    %store/vec4 v0xa6f081fe0_0, 0, 32;
    %jmp T_13.35;
T_13.34 ;
    %load/vec4 v0xa6f081d60_0;
    %muli 17, 0, 32;
    %addi 3, 0, 32;
    %pushi/vec4 255, 0, 32;
    %and;
    %vpi_call/w 5 299 "$display", "FAIL: FIFO read %0d: expected %0d, got %0d", v0xa6f081d60_0, S<0,vec4,u32>, v0xa6f081ae0_0 {1 0 0};
    ; show_stmt_assign_vector: Get l-value for compressed += operand
    %load/vec4 v0xa6f081860_0;
    %pushi/vec4 1, 0, 32;
    %add;
    %store/vec4 v0xa6f081860_0, 0, 32;
T_13.35 ;
    %wait E_0xa6f006a00;
    ; show_stmt_assign_vector: Get l-value for compressed += operand
    %load/vec4 v0xa6f081d60_0;
    %pushi/vec4 1, 0, 32;
    %add;
    %store/vec4 v0xa6f081d60_0, 0, 32;
    %jmp T_13.32;
T_13.33 ;
    %wait E_0xa6f0069c0;
    %pushi/vec4 0, 0, 1;
    %store/vec4 v0xa6f081b80_0, 0, 1;
    %wait E_0xa6f006a00;
    %vpi_call/w 5 311 "$display", "\012========================================" {0 0 0};
    %vpi_call/w 5 312 "$display", "  PASS: %0d  FAIL: %0d", v0xa6f081fe0_0, v0xa6f081860_0 {0 0 0};
    %load/vec4 v0xa6f081860_0;
    %cmpi/e 0, 0, 32;
    %jmp/0xz  T_13.36, 4;
    %vpi_call/w 5 313 "$display", "  ALL TESTS PASSED" {0 0 0};
    %jmp T_13.37;
T_13.36 ;
    %vpi_call/w 5 314 "$display", "  SOME TESTS FAILED" {0 0 0};
T_13.37 ;
    %vpi_call/w 5 315 "$display", "========================================\012" {0 0 0};
    %vpi_call/w 5 317 "$finish" {0 0 0};
    %end;
    .thread T_13;
# The file index is used to find the file name in the following table.
:file_names 11;
    "N/A";
    "<interactive>";
    "-";
    "fifo_mux_2_1.sv";
    "fifo_mux_8_1.sv";
    "refactor_tb.sv";
    "fifo_depth16.sv";
    "fifo_mux_16_1.sv";
    "mac_16in.sv";
    "sram_w16.sv";
    "sram_128b_w16.sv";
