###############################################################
#  Generated by:      Cadence Innovus 15.23-s045_1
#  OS:                Linux x86_64(Host ID ieng6-ece-05.ucsd.edu)
#  Generated on:      Wed Mar 11 08:48:18 2026
#  Design:            fullchip
#  Command:           report_timing -max_paths 5 > ${design}.post_route.timing.rpt
###############################################################
Path 1: VIOLATED Late External Delay Assertion 
Endpoint:   out[25]                                     (^) checked with  
leading edge of 'clk'
Beginpoint: core_instance/psum_mem_instance/Q_reg_25_/Q (^) triggered by  
leading edge of 'clk'
Path Groups: {clk}
Analysis View: WC_VIEW
Other End Arrival Time          0.000
- External Delay                0.200
+ Phase Shift                   1.000
+ CPPR Adjustment               0.000
= Required Time                 0.800
- Arrival Time                  1.368
= Slack Time                   -0.568
     Clock Rise Edge                 0.000
     + Clock Network Latency (Prop)  1.012
     = Beginpoint Arrival Time       1.012
     +-----------------------------------------------------------------------------------------------+ 
     |                 Instance                  |     Arc     |  Cell  | Delay | Arrival | Required | 
     |                                           |             |        |       |  Time   |   Time   | 
     |-------------------------------------------+-------------+--------+-------+---------+----------| 
     | core_instance/psum_mem_instance/Q_reg_25_ | CP ^        |        |       |   1.012 |    0.444 | 
     | core_instance/psum_mem_instance/Q_reg_25_ | CP ^ -> Q ^ | EDFQD1 | 0.127 |   1.139 |    0.571 | 
     | FE_PSC3944_FE_PDN3796_out_25_             | I ^ -> Z ^  | BUFFD3 | 0.063 |   1.202 |    0.634 | 
     | FE_PDC3797_out_25_                        | I ^ -> Z ^  | BUFFD4 | 0.163 |   1.365 |    0.797 | 
     |                                           | out[25] ^   |        | 0.003 |   1.368 |    0.800 | 
     +-----------------------------------------------------------------------------------------------+ 
Path 2: VIOLATED Late External Delay Assertion 
Endpoint:   out[30]                                     (^) checked with  
leading edge of 'clk'
Beginpoint: core_instance/psum_mem_instance/Q_reg_30_/Q (^) triggered by  
leading edge of 'clk'
Path Groups: {clk}
Analysis View: WC_VIEW
Other End Arrival Time          0.000
- External Delay                0.200
+ Phase Shift                   1.000
+ CPPR Adjustment               0.000
= Required Time                 0.800
- Arrival Time                  1.336
= Slack Time                   -0.536
     Clock Rise Edge                 0.000
     + Clock Network Latency (Prop)  1.022
     = Beginpoint Arrival Time       1.022
     +-----------------------------------------------------------------------------------------------+ 
     |                 Instance                  |     Arc     |  Cell  | Delay | Arrival | Required | 
     |                                           |             |        |       |  Time   |   Time   | 
     |-------------------------------------------+-------------+--------+-------+---------+----------| 
     | core_instance/psum_mem_instance/Q_reg_30_ | CP ^        |        |       |   1.022 |    0.486 | 
     | core_instance/psum_mem_instance/Q_reg_30_ | CP ^ -> Q ^ | EDFQD2 | 0.172 |   1.194 |    0.658 | 
     | FE_PSC3928_out_30_                        | I ^ -> Z ^  | BUFFD6 | 0.108 |   1.302 |    0.767 | 
     |                                           | out[30] ^   |        | 0.033 |   1.336 |    0.800 | 
     +-----------------------------------------------------------------------------------------------+ 
Path 3: VIOLATED Late External Delay Assertion 
Endpoint:   out[0]                                     (^) checked with  
leading edge of 'clk'
Beginpoint: core_instance/psum_mem_instance/Q_reg_0_/Q (^) triggered by  
leading edge of 'clk'
Path Groups: {clk}
Analysis View: WC_VIEW
Other End Arrival Time          0.000
- External Delay                0.200
+ Phase Shift                   1.000
+ CPPR Adjustment               0.000
= Required Time                 0.800
- Arrival Time                  1.320
= Slack Time                   -0.520
     Clock Rise Edge                 0.000
     + Clock Network Latency (Prop)  1.023
     = Beginpoint Arrival Time       1.023
     +----------------------------------------------------------------------------------------------+ 
     |                 Instance                 |     Arc     |  Cell  | Delay | Arrival | Required | 
     |                                          |             |        |       |  Time   |   Time   | 
     |------------------------------------------+-------------+--------+-------+---------+----------| 
     | core_instance/psum_mem_instance/Q_reg_0_ | CP ^        |        |       |   1.023 |    0.502 | 
     | core_instance/psum_mem_instance/Q_reg_0_ | CP ^ -> Q ^ | EDFQD2 | 0.167 |   1.189 |    0.669 | 
     | FE_PSC3950_out_0_                        | I ^ -> Z ^  | CKBD6  | 0.102 |   1.291 |    0.771 | 
     |                                          | out[0] ^    |        | 0.029 |   1.320 |    0.800 | 
     +----------------------------------------------------------------------------------------------+ 
Path 4: VIOLATED Late External Delay Assertion 
Endpoint:   out[96]                                     (^) checked with  
leading edge of 'clk'
Beginpoint: core_instance/psum_mem_instance/Q_reg_96_/Q (^) triggered by  
leading edge of 'clk'
Path Groups: {clk}
Analysis View: WC_VIEW
Other End Arrival Time          0.000
- External Delay                0.200
+ Phase Shift                   1.000
+ CPPR Adjustment               0.000
= Required Time                 0.800
- Arrival Time                  1.315
= Slack Time                   -0.515
     Clock Rise Edge                 0.000
     + Clock Network Latency (Prop)  1.014
     = Beginpoint Arrival Time       1.014
     +-----------------------------------------------------------------------------------------------+ 
     |                 Instance                  |     Arc     |  Cell  | Delay | Arrival | Required | 
     |                                           |             |        |       |  Time   |   Time   | 
     |-------------------------------------------+-------------+--------+-------+---------+----------| 
     | core_instance/psum_mem_instance/Q_reg_96_ | CP ^        |        |       |   1.014 |    0.499 | 
     | core_instance/psum_mem_instance/Q_reg_96_ | CP ^ -> Q ^ | EDFQD1 | 0.138 |   1.152 |    0.638 | 
     | FE_PSC3922_FE_PDN3794_out_96_             | I ^ -> Z ^  | BUFFD6 | 0.158 |   1.310 |    0.795 | 
     |                                           | out[96] ^   |        | 0.005 |   1.315 |    0.800 | 
     +-----------------------------------------------------------------------------------------------+ 
Path 5: VIOLATED Late External Delay Assertion 
Endpoint:   out[95]                                     (^) checked with  
leading edge of 'clk'
Beginpoint: core_instance/psum_mem_instance/Q_reg_95_/Q (^) triggered by  
leading edge of 'clk'
Path Groups: {clk}
Analysis View: WC_VIEW
Other End Arrival Time          0.000
- External Delay                0.200
+ Phase Shift                   1.000
+ CPPR Adjustment               0.000
= Required Time                 0.800
- Arrival Time                  1.308
= Slack Time                   -0.508
     Clock Rise Edge                 0.000
     + Clock Network Latency (Prop)  1.023
     = Beginpoint Arrival Time       1.023
     +-----------------------------------------------------------------------------------------------+ 
     |                 Instance                  |     Arc     |  Cell  | Delay | Arrival | Required | 
     |                                           |             |        |       |  Time   |   Time   | 
     |-------------------------------------------+-------------+--------+-------+---------+----------| 
     | core_instance/psum_mem_instance/Q_reg_95_ | CP ^        |        |       |   1.023 |    0.515 | 
     | core_instance/psum_mem_instance/Q_reg_95_ | CP ^ -> Q ^ | EDFQD2 | 0.166 |   1.188 |    0.680 | 
     | FE_PSC3931_out_95_                        | I ^ -> Z ^  | BUFFD8 | 0.087 |   1.275 |    0.767 | 
     |                                           | out[95] ^   |        | 0.033 |   1.308 |    0.800 | 
     +-----------------------------------------------------------------------------------------------+ 

